<?xml version="1.0" encoding="UTF-8"?>
<!-- Generated by org.testng.reporters.JUnitReportReporter -->
<testsuite skipped="0" hostname="QKNBK474" name="com.qaprosoft.carina.demo.MobileSampleTest" tests="1" failures="0" timestamp="17 Dec 2019 08:51:09 GMT" time="53.462" errors="0">
  <testcase name="testLoginUser" time="53.462" classname="com.qaprosoft.carina.demo.MobileSampleTest"/>
</testsuite> <!-- com.qaprosoft.carina.demo.MobileSampleTest -->
