<?xml version="1.0" encoding="UTF-8"?>
<!-- Generated by org.testng.reporters.JUnitReportReporter -->
<testsuite skipped="0" hostname="QKNBK474" name="com.qaprosoft.carina.demo.API_CreateUserCucumberTest" tests="1" failures="0" timestamp="21 Jan 2020 06:42:36 GMT" time="2.922" errors="0">
  <testcase name="feature" time="2.922" classname="com.qaprosoft.carina.demo.API_CreateUserCucumberTest"/>
</testsuite> <!-- com.qaprosoft.carina.demo.API_CreateUserCucumberTest -->
